hdiutil: WARNING: -passphrase has been deprecated in favor of -stdinpass
2008-01-23 12:54:47.310 hdiutil[1919:1c03] using helper tool at "/System/Library/PrivateFrameworks/DiskImages.framework/Resources/diskimages-helper".
2008-01-23 12:54:47.334 hdiutil[1919:1c03] connectToFramework
2008-01-23 12:54:47.435 hdiutil[1919:1c03] sendOperationToHelper: about to ask proxy to start operation
2008-01-23 12:54:47.449 diskimages-helper[1921:1603] _imageOptions: {
    "enable-keychain" = 1;
    passphrase = vilefault;
}
2008-01-23 12:54:47.450 diskimages-helper[1921:1603] _driveOptions: {
    autodiskmount = 1;
    "unmount-timeout" = 0;
}
2008-01-23 12:54:47.451 diskimages-helper[1921:1603] DIHelperAttach: initializing framework
DILoadDriver: checking for disk image driver...DILoadDriver: DI_kextExists() returned 0x00000000 (0)...DIIsInitialized: returning NO2008-01-23 12:54:47.459 diskimages-helper[1921:1603] -checkForPreviouslyAttachedImage: entry
2008-01-23 12:54:47.459 diskimages-helper[1921:1603] 


file://localhost/Users/xxx/vilefault/tests/testimage.AES-256.64k.header_v2.dmg - (null) ((null), (null)). perm=0
DIIsInitialized: returning YESCCarbonBackingStore::newProbe: setting initial rval to +100
CDevBackingStore::newProbe: not /dev/disk or /dev/rdisk (/Users/xxx/vilefault/tests/testimage.AES-256.64k.header_v2.dmg).CCURLBackingStore::probe: not recognized URL scheme.
CVectoredBackingStore::newProbe not "vectored" scheme.
DIBackingStoreNewWithCFURL: instantiator returned 0
DIBackingStoreNewWithCFURL: returning 0x00000000
2008-01-23 12:54:47.460 diskimages-helper[1921:1603] -checkForPreviouslyAttachedImage: resolving file://localhost/Users/xxx/vilefault/tests/testimage.AES-256.64k.header_v2.dmg returned 0
2008-01-23 12:54:47.461 diskimages-helper[1921:1603] -checkForPreviouslyAttachedImage: imageUID (
    "d234881030:i7328818"
) shadowUID (null)
2008-01-23 12:54:47.463 diskimages-helper[1921:1603] DIHelperAttach: resolving disk image
DIIsInitialized: returning YESDIIsInitialized: returning YESCCarbonBackingStore::newProbe: setting initial rval to +100
CDevBackingStore::newProbe: not /dev/disk or /dev/rdisk (/Users/xxx/vilefault/tests/testimage.AES-256.64k.header_v2.dmg).CCURLBackingStore::probe: not recognized URL scheme.
CVectoredBackingStore::newProbe not "vectored" scheme.
opening /Users/xxx/vilefault/tests/testimage.AES-256.64k.header_v2.dmg setPermission 1726
CBSDBackingStore::OpenLockFriendly: mapping flags 0x00000002 -> 0x00000026 (locks are MANDATORY)
(RW lock acquired)
closing /Users/xxx/vilefault/tests/testimage.AES-256.64k.header_v2.dmg setPermission 1734
DIBackingStoreNewWithCFURL: instantiator returned 0
DIBackingStoreNewWithCFURL: returning 0x00000000
DIResolveURLToBackingStore: processing level 1 encodings.
DIFileEncodingNewWithBackingStore: entry for encoding level 1
CBSDBackingStore::openDataFork: about to open /Users/xxx/vilefault/tests/testimage.AES-256.64k.header_v2.dmg
opening /Users/xxx/vilefault/tests/testimage.AES-256.64k.header_v2.dmg openDataFork 1907
CBSDBackingStore::OpenLockFriendly: mapping flags 0x00000002 -> 0x00000026 (locks are MANDATORY)
(RW lock acquired)
closing 3 /Users/xxx/vilefault/tests/testimage.AES-256.64k.header_v2.dmg closeDataFork 1987
diskimages-helper: fileNameLength          $0000006E
diskimages-helper: resourceForkLength      $60000000
diskimages-helper: dataForkLength          $00000000
diskimages-helper: commentLength           $00006700
diskimages-helper: MacBinary III signature        (0x00000000)
diskimages-helper: header CRC              $0000145A
diskimages-helper: minimum decoder version $00000056
diskimages-helper: encoder version         $0000002E
no MacBinary III signature - checking for MacBinary I or IICBSDBackingStore::openDataFork: about to open /Users/xxx/vilefault/tests/testimage.AES-256.64k.header_v2.dmg
opening /Users/xxx/vilefault/tests/testimage.AES-256.64k.header_v2.dmg openDataFork 1907
CBSDBackingStore::OpenLockFriendly: mapping flags 0x00000002 -> 0x00000026 (locks are MANDATORY)
(RW lock acquired)
closing 3 /Users/xxx/vilefault/tests/testimage.AES-256.64k.header_v2.dmg closeDataFork 1987
CAppleSingleEncoding::isAppleSingleFile loadAppleSingleHeader failed with error 22
CBSDBackingStore::openDataFork: about to open /Users/xxx/vilefault/tests/testimage.AES-256.64k.header_v2.dmg
opening /Users/xxx/vilefault/tests/testimage.AES-256.64k.header_v2.dmg openDataFork 1907
CBSDBackingStore::OpenLockFriendly: mapping flags 0x00000002 -> 0x00000026 (locks are MANDATORY)
(RW lock acquired)
CEncryptedEncoding::copyHeaderInformation: inBackingStore->openDataFork returned 0
CEncryptedEncoding::copyHeaderInformation: inBackingStore->getDataForkLength (stub header) returned 0
[31mCEncryptedEncoding::copyHeaderInformation: backingStore data fork length is 0x000000000002E000 (188416)
[0mCEncryptedEncoding::copyHeaderInformation: reading V1 header from offset 0x000000000002DB04 (187140)
CEncryptedEncoding::copyHeaderInformation: inBackingStore->readDataFork (stub header) returned 0
CEncryptedEncoding::copyHeaderInformation: not recognized as v1 header
CEncryptedEncoding::copyHeaderInformation: reading V2 header from offset 0x0000000000000000 (0)
CEncryptedEncoding::copyHeaderInformation: inBackingStore->readDataFork (stub header) returned 0
CEncryptedEncoding::copyHeaderInformation: reading auth-entry count from offset 0x0000000000000048 (72)
CEncryptedEncoding::copyHeaderInformation: inBackingStore->readDataFork (auth entry count) returned 0
CEncryptedEncoding::copyHeaderInformation: reading auth table from offset 0x0000000000000048 (72)
CEncryptedEncoding::copyHeaderInformation: inBackingStore->readDataFork (auth entry count) returned 0
closing 3 /Users/xxx/vilefault/tests/testimage.AES-256.64k.header_v2.dmg closeDataFork 1987
CBSDBackingStore::openDataFork: about to open /Users/xxx/vilefault/tests/testimage.AES-256.64k.header_v2.dmg
opening /Users/xxx/vilefault/tests/testimage.AES-256.64k.header_v2.dmg openDataFork 1907
CBSDBackingStore::OpenLockFriendly: mapping flags 0x00000002 -> 0x00000026 (locks are MANDATORY)
(RW lock acquired)
closing 3 /Users/xxx/vilefault/tests/testimage.AES-256.64k.header_v2.dmg closeDataFork 1987
CBSDBackingStore::openDataFork: about to open /Users/xxx/vilefault/tests/testimage.AES-256.64k.header_v2.dmg
opening /Users/xxx/vilefault/tests/testimage.AES-256.64k.header_v2.dmg openDataFork 1907
CBSDBackingStore::OpenLockFriendly: mapping flags 0x00000002 -> 0x00000026 (locks are MANDATORY)
(RW lock acquired)
closing 3 /Users/xxx/vilefault/tests/testimage.AES-256.64k.header_v2.dmg closeDataFork 1987
diskimages-helper: DiskImages secure mode enabled
CEncryptedEncoding:unclock_CAN_THROW: trying to unlock with passphrase
UNLOCK: using specified passphrase.
unlockCoreWithPasshrase: success
UNLOCK: success!
opening /Users/xxx/vilefault/tests/testimage.AES-256.64k.header_v2.dmg setPermission 1726
CBSDBackingStore::OpenLockFriendly: mapping flags 0x00000002 -> 0x00000026 (locks are MANDATORY)
(RW lock acquired)
closing /Users/xxx/vilefault/tests/testimage.AES-256.64k.header_v2.dmg setPermission 1734
DIFileEncodingNewWithBackingStore: returning 0x00000000
DIFileEncodingNewWithBackingStore: entry for encoding level 1
CBSDBackingStore::openDataFork: about to open /Users/xxx/vilefault/tests/testimage.AES-256.64k.header_v2.dmg
opening /Users/xxx/vilefault/tests/testimage.AES-256.64k.header_v2.dmg openDataFork 1907
CBSDBackingStore::OpenLockFriendly: mapping flags 0x00000002 -> 0x00000026 (locks are MANDATORY)
(RW lock acquired)
closing 3 /Users/xxx/vilefault/tests/testimage.AES-256.64k.header_v2.dmg closeDataFork 1987
diskimages-helper: fileNameLength          $00000000
diskimages-helper: resourceForkLength      $00000000
diskimages-helper: dataForkLength          $00000000
diskimages-helper: commentLength           $00000000
diskimages-helper: MacBinary III signature        (0x00000000)
diskimages-helper: header CRC              $00000000
diskimages-helper: minimum decoder version $00000000
diskimages-helper: encoder version         $00000000
no MacBinary III signature - checking for MacBinary I or IIcalculated CRC          $00000000MacBinary II foundfinal sanity checkERROR kFileNameLength <= 0failed final sanity check...CBSDBackingStore::openDataFork: about to open /Users/xxx/vilefault/tests/testimage.AES-256.64k.header_v2.dmg
opening /Users/xxx/vilefault/tests/testimage.AES-256.64k.header_v2.dmg openDataFork 1907
CBSDBackingStore::OpenLockFriendly: mapping flags 0x00000002 -> 0x00000026 (locks are MANDATORY)
(RW lock acquired)
closing 3 /Users/xxx/vilefault/tests/testimage.AES-256.64k.header_v2.dmg closeDataFork 1987
CAppleSingleEncoding::isAppleSingleFile loadAppleSingleHeader failed with error 22
CBSDBackingStore::openDataFork: about to open /Users/xxx/vilefault/tests/testimage.AES-256.64k.header_v2.dmg
opening /Users/xxx/vilefault/tests/testimage.AES-256.64k.header_v2.dmg openDataFork 1907
CBSDBackingStore::OpenLockFriendly: mapping flags 0x00000002 -> 0x00000026 (locks are MANDATORY)
(RW lock acquired)
CEncryptedEncoding::copyHeaderInformation: inBackingStore->openDataFork returned 0
CEncryptedEncoding::copyHeaderInformation: inBackingStore->getDataForkLength (stub header) returned 0
[31mCEncryptedEncoding::copyHeaderInformation: backingStore data fork length is 0x0000000000010000 (65536)
[0mCEncryptedEncoding::copyHeaderInformation: reading V1 header from offset 0x000000000000FB04 (64260)
CEncryptedEncoding::copyHeaderInformation: inBackingStore->readDataFork (stub header) returned 0
CEncryptedEncoding::copyHeaderInformation: not recognized as v1 header
CEncryptedEncoding::copyHeaderInformation: reading V2 header from offset 0x0000000000000000 (0)
CEncryptedEncoding::copyHeaderInformation: inBackingStore->readDataFork (stub header) returned 0
CEncryptedEncoding::copyHeaderInformation: not recognized as v2 header
closing 3 /Users/xxx/vilefault/tests/testimage.AES-256.64k.header_v2.dmg closeDataFork 1987
DIFileEncodingNewWithBackingStore: probe fails to find appropriate CFileEncoding class.
DIFileEncodingNewWithBackingStore: returning 0x0000006B
(continuing)
DIResolveURLToBackingStore: processing level 2 encodings.
DIFileEncodingNewWithBackingStore: entry for encoding level 2
CBSDBackingStore::openDataFork: about to open /Users/xxx/vilefault/tests/testimage.AES-256.64k.header_v2.dmg
opening /Users/xxx/vilefault/tests/testimage.AES-256.64k.header_v2.dmg openDataFork 1907
CBSDBackingStore::OpenLockFriendly: mapping flags 0x00000002 -> 0x00000026 (locks are MANDATORY)
(RW lock acquired)
closing 3 /Users/xxx/vilefault/tests/testimage.AES-256.64k.header_v2.dmg closeDataFork 1987
CUDIFEncoding::newProbe: failing because backing store is not UDIF file
DIFileEncodingNewWithBackingStore: probe fails to find appropriate CFileEncoding class.
DIFileEncodingNewWithBackingStore: returning 0x0000006B
(continuing)
DIResolveURLToBackingStore: processing level 3 encodings.
DIFileEncodingNewWithBackingStore: entry for encoding level 3
checkTypeCreator: rved/ksdd
checkTypeCreator: returning     , score 0
CSegmentedNDIFEncoding::isSegmentedNDIFFile checkTypeCreator failed
CSegmentedUDIFEncoding::isSegmentedUDIFFile backing store is not of type CUDIFEncoding
DIIsInitialized: returning YESCCarbonBackingStore::newProbe stat() failed.  No such file or directory.
CDevBackingStore::newProbe: not /dev/disk or /dev/rdisk (/Users/xxx/vilefault/tests/testimage.AES-256.64k.header_v2.002.dmgpart).CCURLBackingStore::probe: not recognized URL scheme.
CVectoredBackingStore::newProbe not "vectored" scheme.
DIBackingStoreNewWithCFURL: instantiator returned 2
DIBackingStoreNewWithCFURL: returning 0x00000002
CSegmentedUDIFRawEncoding::isSegmentedUDIFRawFile failed because could not find second segment.
DIFileEncodingNewWithBackingStore: probe fails to find appropriate CFileEncoding class.
DIFileEncodingNewWithBackingStore: returning 0x0000006B
(continuing)
DIIsInitialized: returning YEScheckTypeCreator: rved/ksdd
checkTypeCreator: returning     , score 0
CNDIFDiskImage::newProbe: checkExtension gives score -1000.
CUDIFDiskImage::checkBackingStoreType: backing store is wrong type
checkBackingStoreType returned score 0 type     
checkTypeCreator returned score 100 type WRDU
opening /Users/xxx/vilefault/tests/testimage.AES-256.64k.header_v2.dmg setPermission 1701
CBSDBackingStore::OpenLockFriendly: mapping flags 0x00000000 -> 0x00000014 (locks are MANDATORY)
(RO lock acquired)
closing /Users/xxx/vilefault/tests/testimage.AES-256.64k.header_v2.dmg setPermission 1706
CBSDBackingStore::openDataFork: about to open /Users/xxx/vilefault/tests/testimage.AES-256.64k.header_v2.dmg
opening /Users/xxx/vilefault/tests/testimage.AES-256.64k.header_v2.dmg openDataFork 1907
CBSDBackingStore::OpenLockFriendly: mapping flags 0x00000000 -> 0x00000014 (locks are MANDATORY)
(RO lock acquired)
closing 3 /Users/xxx/vilefault/tests/testimage.AES-256.64k.header_v2.dmg closeDataFork 1987
CRawDiskImage: checkTypeCreator returns score 100
CBSDBackingStore::openDataFork: about to open /Users/xxx/vilefault/tests/testimage.AES-256.64k.header_v2.dmg
opening /Users/xxx/vilefault/tests/testimage.AES-256.64k.header_v2.dmg openDataFork 1907
CBSDBackingStore::OpenLockFriendly: mapping flags 0x00000000 -> 0x00000014 (locks are MANDATORY)
(RO lock acquired)
closing 3 /Users/xxx/vilefault/tests/testimage.AES-256.64k.header_v2.dmg closeDataFork 1987
CSparseBundleDiskImage::newProbe: returning 0
checkBackingStoreType returned score 0 type     
checkTypeCreator returned score 100 type WRDU
opening /Users/xxx/vilefault/tests/testimage.AES-256.64k.header_v2.dmg setPermission 1726
CBSDBackingStore::OpenLockFriendly: mapping flags 0x00000002 -> 0x00000026 (locks are MANDATORY)
(RW lock acquired)
closing /Users/xxx/vilefault/tests/testimage.AES-256.64k.header_v2.dmg setPermission 1734
CBSDBackingStore::openDataFork: about to open /Users/xxx/vilefault/tests/testimage.AES-256.64k.header_v2.dmg
opening /Users/xxx/vilefault/tests/testimage.AES-256.64k.header_v2.dmg openDataFork 1907
CBSDBackingStore::OpenLockFriendly: mapping flags 0x00000002 -> 0x00000026 (locks are MANDATORY)
(RW lock acquired)
DIDiskImageNewWithBackingStore: returning 0x00000000
2008-01-23 12:54:47.530 diskimages-helper[1921:1603] DIHelperAttach: resolving shadow/section options
2008-01-23 12:54:47.531 diskimages-helper[1921:1603] resolveShadowAndSectionOptions: returned 0
2008-01-23 12:54:47.531 diskimages-helper[1921:1603] DIHelperAttach: checking in-use (1)
DIBackingStore::inUse: checking our list looking for who's naughty and nice
DIBackingStore::inUse: checking image 0000
------XXXXXXXX-XXXX-XXXX-XXXX-XXXXXXXXXXXX
DIBackingStore::inUse: checking image 0001
------XXXXXXXX-XXXX-XXXX-XXXX-XXXXXXXXXXXX
2008-01-23 12:54:47.534 diskimages-helper[1921:1603] performInUseVerification: returned 0
2008-01-23 12:54:47.534 diskimages-helper[1921:1603] DIHelperAttach: checking SLA
CDiskImage::LPic2CFD: entry
CDiskImage::LPic2CFD: got backing store
CDiskImage::LPic2CFD: cleanup
CDiskImage::LPic2CFD: returning 0x0
2008-01-23 12:54:47.534 diskimages-helper[1921:1603] DIHelperAttach: checking checksum
2008-01-23 12:54:47.535 diskimages-helper[1921:1603] performChecksumVerification: image has no checksum
2008-01-23 12:54:47.535 diskimages-helper[1921:1603] performChecksumVerification: returned 0
2008-01-23 12:54:47.536 diskimages-helper[1921:1603] DIHelperAttach: checking in-use (2)
DIBackingStore::inUse: checking our list looking for who's naughty and nice
DIBackingStore::inUse: checking image 0000
------XXXXXXXX-XXXX-XXXX-XXXX-XXXXXXXXXXXX
DIBackingStore::inUse: checking image 0001
------XXXXXXXX-XXXX-XXXX-XXXX-XXXXXXXXXXXX
2008-01-23 12:54:47.538 diskimages-helper[1921:1603] performInUseVerification: returned 0
2008-01-23 12:54:47.539 diskimages-helper[1921:1603] DIHelperAttach: setting up IDME
2008-01-23 12:54:47.539 diskimages-helper[1921:1603] -[DIHelperHDID initWithDiskImage:]
2008-01-23 12:54:47.540 diskimages-helper[1921:1603] DIHelperAttach: attaching disk image
2008-01-23 12:54:47.540 diskimages-helper[1921:1603] performAttach: entry
2008-01-23 12:54:47.542 diskimages-helper[1921:1603] setMountFlags: 0x00000003
2008-01-23 12:54:47.545 diskimages-helper[1921:1603] 0x00000003
2008-01-23 12:54:47.545 diskimages-helper[1921:1603] setMountFlags: 0x00000000
2008-01-23 12:54:47.545 diskimages-helper[1921:1603] 0x00000000
2008-01-23 12:54:47.546 diskimages-helper[1921:1603] performAttach: before performVolumeChecking, about to attachReturningDictionary
2008-01-23 12:54:47.546 diskimages-helper[1921:1603] -attachReturningDictionary:
2008-01-23 12:54:47.548 diskimages-helper[1921:1603] _diskAppearedCallback: disk2s1
2008-01-23 12:54:47.548 diskimages-helper[1921:1603]               : (null) Apple_partition_map
2008-01-23 12:54:47.551 diskimages-helper[1921:1603] looking for UUID D5E35A2C-EC8D-4FCF-94D0-3637DD6F89A0, got XXXXXXXX-XXXX-XXXX-XXXX-XXXXXXXXXXXX
2008-01-23 12:54:47.551 diskimages-helper[1921:1603] _diskAppearedCallback: disk2s2
2008-01-23 12:54:47.552 diskimages-helper[1921:1603]               : /Volumes/xxx
2008-01-23 12:54:47.554 diskimages-helper[1921:1603] looking for UUID D5E35A2C-EC8D-4FCF-94D0-3637DD6F89A0, got XXXXXXXX-XXXX-XXXX-XXXX-XXXXXXXXXXXX
2008-01-23 12:54:47.555 diskimages-helper[1921:1603] _diskAppearedCallback: disk2
2008-01-23 12:54:47.556 diskimages-helper[1921:1603]               : (null) Apple_partition_scheme
2008-01-23 12:54:47.558 diskimages-helper[1921:1603] looking for UUID D5E35A2C-EC8D-4FCF-94D0-3637DD6F89A0, got XXXXXXXX-XXXX-XXXX-XXXX-XXXXXXXXXXXX
2008-01-23 12:54:47.559 diskimages-helper[1921:1603] _diskAppearedCallback: disk1
2008-01-23 12:54:47.559 diskimages-helper[1921:1603]               : (null) Apple_partition_scheme
2008-01-23 12:54:47.561 diskimages-helper[1921:1603] looking for UUID D5E35A2C-EC8D-4FCF-94D0-3637DD6F89A0, got XXXXXXXX-XXXX-XXXX-XXXX-XXXXXXXXXXXX
2008-01-23 12:54:47.562 diskimages-helper[1921:1603] _diskAppearedCallback: disk1s2
2008-01-23 12:54:47.562 diskimages-helper[1921:1603]               : /Users/xxx/Coding
2008-01-23 12:54:47.565 diskimages-helper[1921:1603] looking for UUID D5E35A2C-EC8D-4FCF-94D0-3637DD6F89A0, got XXXXXXXX-XXXX-XXXX-XXXX-XXXXXXXXXXXX
2008-01-23 12:54:47.565 diskimages-helper[1921:1603] _diskAppearedCallback: disk1s1
2008-01-23 12:54:47.566 diskimages-helper[1921:1603]               : (null) Apple_partition_map
2008-01-23 12:54:47.568 diskimages-helper[1921:1603] looking for UUID D5E35A2C-EC8D-4FCF-94D0-3637DD6F89A0, got XXXXXXXX-XXXX-XXXX-XXXX-XXXXXXXXXXXX
2008-01-23 12:54:47.569 diskimages-helper[1921:1603] _diskAppearedCallback: disk0
2008-01-23 12:54:47.569 diskimages-helper[1921:1603]               : (null) GUID_partition_scheme
2008-01-23 12:54:47.572 diskimages-helper[1921:1603] looking for UUID D5E35A2C-EC8D-4FCF-94D0-3637DD6F89A0, got (null)
2008-01-23 12:54:47.573 diskimages-helper[1921:1603] _diskAppearedCallback: disk0s1
2008-01-23 12:54:47.573 diskimages-helper[1921:1603]               : (null) XXXXXXXX-XXXX-XXXX-XXXX-XXXXXXXXXXXX
2008-01-23 12:54:47.575 diskimages-helper[1921:1603] looking for UUID D5E35A2C-EC8D-4FCF-94D0-3637DD6F89A0, got (null)
2008-01-23 12:54:47.576 diskimages-helper[1921:1603] _diskAppearedCallback: disk0s2
2008-01-23 12:54:47.576 diskimages-helper[1921:1603]               : / XXXXXXXX-XXXX-XXXX-XXXX-XXXXXXXXXXXX
2008-01-23 12:54:47.579 diskimages-helper[1921:1603] looking for UUID D5E35A2C-EC8D-4FCF-94D0-3637DD6F89A0, got (null)
2008-01-23 12:54:47.579 diskimages-helper[1921:1603] _diskAppearedCallback: disk0s3
2008-01-23 12:54:47.580 diskimages-helper[1921:1603]               : (null) XXXXXXXX-XXXX-XXXX-XXXX-XXXXXXXXXXXX
2008-01-23 12:54:47.582 diskimages-helper[1921:1603] looking for UUID D5E35A2C-EC8D-4FCF-94D0-3637DD6F89A0, got (null)
2008-01-23 12:54:47.583 diskimages-helper[1921:1603] _diskAppearedCallback: disk0s4
2008-01-23 12:54:47.583 diskimages-helper[1921:1603]               : (null) XXXXXXXX-XXXX-XXXX-XXXX-XXXXXXXXXXXX
2008-01-23 12:54:47.586 diskimages-helper[1921:1603] looking for UUID D5E35A2C-EC8D-4FCF-94D0-3637DD6F89A0, got (null)
2008-01-23 12:54:47.588 diskimages-helper[1921:1603] _attachOutKernel: spawning off thread to serve image
2008-01-23 12:54:47.589 diskimages-helper[1921:1603] -waitForDevEntriesToAppear: (DA version)
2008-01-23 12:54:47.589 diskimages-helper[1921:3a27] -serveImage: kicking off monitorThread ********************
2008-01-23 12:54:47.589 diskimages-helper[1921:1603] _doneWaitingForDevEntries: entry
2008-01-23 12:54:47.590 diskimages-helper[1921:3a27] serveImage: entry
2008-01-23 12:54:47.590 diskimages-helper[1921:3f5f] -incrementBackgroundThreadCount.
2008-01-23 12:54:47.591 diskimages-helper[1921:3a27] -incrementBackgroundThreadCount.
2008-01-23 12:54:47.592 diskimages-helper[1921:3f5f] -incrementBackgroundThreadCount: _backgroundThreadCount is now 2.
2008-01-23 12:54:47.591 diskimages-helper[1921:1603]               : rootDiskIdentifier is NOT set
2008-01-23 12:54:47.595 diskimages-helper[1921:3f5f] -_handleMonitorThread entry
2008-01-23 12:54:47.595 diskimages-helper[1921:3a27] -incrementBackgroundThreadCount: _backgroundThreadCount is now 3.
2008-01-23 12:54:47.595 diskimages-helper[1921:1603]               : returning no
2008-01-23 12:54:47.596 diskimages-helper[1921:3a27] -serveImage: attaching drive
{
    autodiskmount = 1;
    "hdiagent-drive-identifier" = "D5E35A2C-EC8D-4FCF-94D0-3637DD6F89A0";
    "unmount-timeout" = 0;
}
DIIsInitialized: returning YESqtn_file_alloc returned 0x811600
CDiskImage::createUniqueIDDict: creating array from backing store identifier.
2008-01-23 12:54:47.608 diskimages-helper[1921:3a27] -serveImage: connecting to myDrive 0x00004913
2008-01-23 12:54:47.609 diskimages-helper[1921:3a27] -serveImage: register _readBuffer 0x0x445000 with myDrive 0x0x0
2008-01-23 12:54:47.609 diskimages-helper[1921:3a27] -serveImage: activating drive port 0x0x4a07
2008-01-23 12:54:47.698 diskimages-helper[1921:1603] _doneWaitingForDevEntries: entry
2008-01-23 12:54:47.699 diskimages-helper[1921:1603]               : rootDiskIdentifier is NOT set
2008-01-23 12:54:47.699 diskimages-helper[1921:1603]               : returning no
2008-01-23 12:54:47.800 diskimages-helper[1921:1603] _doneWaitingForDevEntries: entry
2008-01-23 12:54:47.801 diskimages-helper[1921:1603]               : rootDiskIdentifier is NOT set
2008-01-23 12:54:47.802 diskimages-helper[1921:1603]               : returning no
2008-01-23 12:54:47.903 diskimages-helper[1921:1603] _doneWaitingForDevEntries: entry
2008-01-23 12:54:47.904 diskimages-helper[1921:1603]               : rootDiskIdentifier is NOT set
2008-01-23 12:54:47.905 diskimages-helper[1921:1603]               : returning no
2008-01-23 12:54:48.006 diskimages-helper[1921:1603] _doneWaitingForDevEntries: entry
2008-01-23 12:54:48.007 diskimages-helper[1921:1603]               : rootDiskIdentifier is NOT set
2008-01-23 12:54:48.008 diskimages-helper[1921:1603]               : returning no
2008-01-23 12:54:48.108 diskimages-helper[1921:1603] _doneWaitingForDevEntries: entry
2008-01-23 12:54:48.109 diskimages-helper[1921:1603]               : rootDiskIdentifier is NOT set
2008-01-23 12:54:48.110 diskimages-helper[1921:1603]               : returning no
2008-01-23 12:54:48.211 diskimages-helper[1921:1603] _doneWaitingForDevEntries: entry
2008-01-23 12:54:48.212 diskimages-helper[1921:1603]               : rootDiskIdentifier is NOT set
2008-01-23 12:54:48.214 diskimages-helper[1921:1603]               : returning no
2008-01-23 12:54:48.248 diskimages-helper[1921:1603] looking for UUID D5E35A2C-EC8D-4FCF-94D0-3637DD6F89A0, got XXXXXXXX-XXXX-XXXX-XXXX-XXXXXXXXXXXX
2008-01-23 12:54:48.248 diskimages-helper[1921:1603] _diskPeekCallback: peek received for disk3
2008-01-23 12:54:48.252 diskimages-helper[1921:1603] _diskPeekCallback: found rootDiskIdentifier to be disk3
2008-01-23 12:54:48.255 diskimages-helper[1921:1603] _diskPeekCallback: caching automatic mount=YES for disk3
2008-01-23 12:54:48.256 diskimages-helper[1921:1603]    setting kDADiskOptionsMountAutomatic to FALSE
2008-01-23 12:54:48.257 diskimages-helper[1921:1603] _doneWaitingForDevEntries: entry
2008-01-23 12:54:48.257 diskimages-helper[1921:3f5f] looking for UUID D5E35A2C-EC8D-4FCF-94D0-3637DD6F89A0, got XXXXXXXX-XXXX-XXXX-XXXX-XXXXXXXXXXXX
2008-01-23 12:54:48.259 diskimages-helper[1921:1603]               : got root disk identifier disk3
2008-01-23 12:54:48.261 diskimages-helper[1921:3f5f] _diskPeekCallback: peek received for disk3s1
2008-01-23 12:54:48.262 diskimages-helper[1921:1603]               : peek array not empty (
    disk3
)
2008-01-23 12:54:48.267 diskimages-helper[1921:3f5f] _diskPeekCallback: caching automatic mount=YES for disk3s1
2008-01-23 12:54:48.267 diskimages-helper[1921:1603]               : peek count 1 does NOT equal diskAppeared count 0
2008-01-23 12:54:48.271 diskimages-helper[1921:3f5f]    setting kDADiskOptionsMountAutomatic to FALSE
2008-01-23 12:54:48.272 diskimages-helper[1921:1603]               : returning no
2008-01-23 12:54:48.276 diskimages-helper[1921:3f5f] _diskAppearedCallback: disk3
2008-01-23 12:54:48.277 diskimages-helper[1921:3f5f]               : (null) GUID_partition_scheme
2008-01-23 12:54:48.283 diskimages-helper[1921:3f5f] looking for UUID D5E35A2C-EC8D-4FCF-94D0-3637DD6F89A0, got XXXXXXXX-XXXX-XXXX-XXXX-XXXXXXXXXXXX
2008-01-23 12:54:48.289 diskimages-helper[1921:3f5f] diskAppearedCallback: found rootDiskIdentifier to be disk3
2008-01-23 12:54:48.290 diskimages-helper[1921:3f5f] diskAppearedCalback: invalidating timers since peek is done - fsck could take a long time so we stop the timers
2008-01-23 12:54:48.293 diskimages-helper[1921:1603] _diskAppearedCallback: disk3s1
2008-01-23 12:54:48.294 diskimages-helper[1921:1603]               : (null) XXXXXXXX-XXXX-XXXX-XXXX-XXXXXXXXXXXX
2008-01-23 12:54:48.303 diskimages-helper[1921:1603] looking for UUID D5E35A2C-EC8D-4FCF-94D0-3637DD6F89A0, got XXXXXXXX-XXXX-XXXX-XXXX-XXXXXXXXXXXX
2008-01-23 12:54:48.303 diskimages-helper[1921:1603] _doneWaitingForDevEntries: entry
2008-01-23 12:54:48.304 diskimages-helper[1921:1603]               : got root disk identifier disk3
2008-01-23 12:54:48.304 diskimages-helper[1921:1603]               : peek array not empty (
    disk3,
    disk3s1
)
2008-01-23 12:54:48.305 diskimages-helper[1921:1603]               : peek count equals diskAppeared count 2
2008-01-23 12:54:48.307 diskimages-helper[1921:1603]               : root IOMedia object not busy
2008-01-23 12:54:48.308 diskimages-helper[1921:1603] countIOMediaObjectsFrom returned 2
2008-01-23 12:54:48.308 diskimages-helper[1921:1603]               : IOMedia count equals peek array count 2
2008-01-23 12:54:48.309 diskimages-helper[1921:1603]               : returning YES
2008-01-23 12:54:48.309 diskimages-helper[1921:1603] -waitForDevEntriesToAppear: found: (
    disk3,
    disk3s1
)
2008-01-23 12:54:48.310 diskimages-helper[1921:1603] buildReturnDictionary:
2008-01-23 12:54:48.310 diskimages-helper[1921:1603] adding (disk3): {
    "content-hint" = "GUID_partition_scheme";
    "dev-entry" = "/dev/disk3";
    "potentially-mountable" = 0;
    "unmapped-content-hint" = "GUID_partition_scheme";
}
2008-01-23 12:54:48.311 diskimages-helper[1921:1603] adding (disk3s1): {
    "content-hint" = "Apple_HFS";
    "dev-entry" = "/dev/disk3s1";
    "potentially-mountable" = 0;
    "unmapped-content-hint" = "48465300-0000-11AA-AA11-00306543ECAC";
}
2008-01-23 12:54:48.311 diskimages-helper[1921:1603] -attachReturningDictionary: _buildReturnDictionary returned 0
2008-01-23 12:54:48.312 diskimages-helper[1921:1603] -attachReturningDictionary: kicked off hdiejectd
2008-01-23 12:54:48.313 diskimages-helper[1921:1603] performAttach: attachReturningDictionary returned 0
{
    "system-entities" =     (
                {
            "content-hint" = "GUID_partition_scheme";
            "dev-entry" = "/dev/disk3";
            "potentially-mountable" = 0;
            "unmapped-content-hint" = "GUID_partition_scheme";
        },
                {
            "content-hint" = "Apple_HFS";
            "dev-entry" = "/dev/disk3s1";
            "potentially-mountable" = 0;
            "unmapped-content-hint" = "48465300-0000-11AA-AA11-00306543ECAC";
        }
    );
}
2008-01-23 12:54:48.314 diskimages-helper[1921:1603] performAttach: about to performVolumeChecking
2008-01-23 12:54:48.315 diskimages-helper[1921:1603] performVolumeChecking: entry
2008-01-23 12:54:48.315 diskimages-helper[1921:1603] _cachedFsckDataFor: entry
2008-01-23 12:54:48.316 diskimages-helper[1921:1603] _cachedFsckDataFor: getxattr failed 93
2008-01-23 12:54:48.316 diskimages-helper[1921:1603] _cachedFsckDataFor: returning (null)
2008-01-23 12:54:48.317 diskimages-helper[1921:1603] _needToAutoFsck: returning YES
2008-01-23 12:54:48.318 diskimages-helper[1921:1603] performVolumeChecking: nothing to auto-fsck
2008-01-23 12:54:48.319 diskimages-helper[1921:1603] performAttach: performVolumeChecking returned 0
2008-01-23 12:54:48.320 diskimages-helper[1921:1603] setMountFlags: 0x00000003
2008-01-23 12:54:48.320 diskimages-helper[1921:1603] 0x00000003
2008-01-23 12:54:48.321 diskimages-helper[1921:1603] -remountReturningDictionary:
2008-01-23 12:54:48.322 diskimages-helper[1921:1603] mountDevEntries: (DiskArb version)
2008-01-23 12:54:48.323 diskimages-helper[1921:1603] disk3
2008-01-23 12:54:48.327 diskimages-helper[1921:3f5f] _diskAppearedCallback: disk3
2008-01-23 12:54:48.327 diskimages-helper[1921:1603] >> {
    DAAppearanceTime = 222782088.235035;
    DABusName = "/";
    DABusPath = "IODeviceTree:/";
    DADeviceModel = "Disk Image";
    DADevicePath = "IOService:/IOResources/IOHDIXController/IOHDIXHDDriveOutKernel/IODiskImageBlockStorageDeviceOutKernel";
    DADeviceProtocol = "Virtual Interface";
    DADeviceRevision = "10.5v192.1";
    DADeviceUnit = 61;
    DADeviceVendor = Apple;
    DAMediaBSDMajor = 14;
    DAMediaBSDMinor = 11;
    DAMediaBSDName = disk3;
    DAMediaBSDUnit = 3;
    DAMediaBlockSize = 512;
    DAMediaContent = "GUID_partition_scheme";
    DAMediaEjectable = 1;
    DAMediaIcon =     {
        CFBundleIdentifier = "com.apple.iokit.IOStorageFamily";
        IOBundleResourceFile = "Removable.icns";
    };
    DAMediaKind = IOMedia;
    DAMediaLeaf = 0;
    DAMediaName = "Apple read/write Media";
    DAMediaPath = "IOService:/IOResources/IOHDIXController/IOHDIXHDDriveOutKernel/IODiskImageBlockStorageDeviceOutKernel/IOBlockStorageDriver/Apple read/write Media";
    DAMediaRemovable = 1;
    DAMediaSize = 65536;
    DAMediaWhole = 1;
    DAMediaWritable = 1;
    DAVolumeMountable = 0;
    DAVolumeNetwork = 0;
} << 
2008-01-23 12:54:48.327 diskimages-helper[1921:3f5f]               : (null) GUID_partition_scheme
2008-01-23 12:54:48.327 diskimages-helper[1921:1603] disk3s1
2008-01-23 12:54:48.331 diskimages-helper[1921:3f5f] looking for UUID D5E35A2C-EC8D-4FCF-94D0-3637DD6F89A0, got XXXXXXXX-XXXX-XXXX-XXXX-XXXXXXXXXXXX
2008-01-23 12:54:48.332 diskimages-helper[1921:1603] >> {
    DAAppearanceTime = 222782088.233421;
    DABusName = "/";
    DABusPath = "IODeviceTree:/";
    DADeviceModel = "Disk Image";
    DADevicePath = "IOService:/IOResources/IOHDIXController/IOHDIXHDDriveOutKernel/IODiskImageBlockStorageDeviceOutKernel";
    DADeviceProtocol = "Virtual Interface";
    DADeviceRevision = "10.5v192.1";
    DADeviceUnit = 61;
    DADeviceVendor = Apple;
    DAMediaBSDMajor = 14;
    DAMediaBSDMinor = 12;
    DAMediaBSDName = disk3s1;
    DAMediaBSDUnit = 3;
    DAMediaBlockSize = 512;
    DAMediaContent = "48465300-0000-11AA-AA11-00306543ECAC";
    DAMediaEjectable = 1;
    DAMediaIcon =     {
        CFBundleIdentifier = "com.apple.iokit.IOStorageFamily";
        IOBundleResourceFile = "Removable.icns";
    };
    DAMediaKind = IOMedia;
    DAMediaLeaf = 1;
    DAMediaName = "disk image";
    DAMediaPath = "IOService:/IOResources/IOHDIXController/IOHDIXHDDriveOutKernel/IODiskImageBlockStorageDeviceOutKernel/IOBlockStorageDriver/Apple read/write Media/IOGUIDPartitionScheme/disk image@1";
    DAMediaRemovable = 1;
    DAMediaSize = 24576;
    DAMediaUUID = <NSCFType: 0x532a90>;
    DAMediaWhole = 0;
    DAMediaWritable = 1;
    DAVolumeMountable = 0;
    DAVolumeNetwork = 0;
} << 
2008-01-23 12:54:48.333 diskimages-helper[1921:1603] -remountReturningDictionary: _remountDevEntries returned 109
2008-01-23 12:54:48.334 diskimages-helper[1921:1603] buildReturnDictionary:
2008-01-23 12:54:48.334 diskimages-helper[1921:3f5f] diskAppearedCallback: found rootDiskIdentifier to be disk3
2008-01-23 12:54:48.335 diskimages-helper[1921:1603] adding (disk3): {
    "content-hint" = "GUID_partition_scheme";
    "dev-entry" = "/dev/disk3";
    "potentially-mountable" = 0;
    "unmapped-content-hint" = "GUID_partition_scheme";
}
2008-01-23 12:54:48.340 diskimages-helper[1921:3f5f] diskAppearedCalback: invalidating timers since peek is done - fsck could take a long time so we stop the timers
2008-01-23 12:54:48.341 diskimages-helper[1921:1603] adding (disk3s1): {
    "content-hint" = "Apple_HFS";
    "dev-entry" = "/dev/disk3s1";
    "potentially-mountable" = 0;
    "unmapped-content-hint" = "48465300-0000-11AA-AA11-00306543ECAC";
}
2008-01-23 12:54:48.342 diskimages-helper[1921:1603] -remountReturningDictionary: _buildReturnDictionary returned 109
2008-01-23 12:54:48.342 diskimages-helper[1921:3f5f] _diskAppearedCallback: disk3s1
2008-01-23 12:54:48.342 diskimages-helper[1921:1603] -remountReturningDictionary: detaching because no mountable filesystems.
2008-01-23 12:54:48.342 diskimages-helper[1921:3f5f]               : (null) XXXXXXXX-XXXX-XXXX-XXXX-XXXXXXXXXXXX
2008-01-23 12:54:48.343 diskimages-helper[1921:1603] -unmountAndDetachWithForce:YES andTryManualDetach:NO
2008-01-23 12:54:48.345 diskimages-helper[1921:3f5f] looking for UUID D5E35A2C-EC8D-4FCF-94D0-3637DD6F89A0, got XXXXXXXX-XXXX-XXXX-XXXX-XXXXXXXXXXXX
2008-01-23 12:54:48.345 diskimages-helper[1921:1603] -unmountAndDetachWithForce: using disk3
2008-01-23 12:54:48.346 diskimages-helper[1921:3f5f] _diskAppearedCallback: disk2s1
2008-01-23 12:54:48.349 diskimages-helper[1921:3f5f]               : (null) Apple_partition_map
2008-01-23 12:54:48.351 diskimages-helper[1921:3f5f] looking for UUID D5E35A2C-EC8D-4FCF-94D0-3637DD6F89A0, got XXXXXXXX-XXXX-XXXX-XXXX-XXXXXXXXXXXX
2008-01-23 12:54:48.352 diskimages-helper[1921:3f5f] _diskAppearedCallback: disk2s2
2008-01-23 12:54:48.352 diskimages-helper[1921:3f5f]               : /Volumes/xxx
2008-01-23 12:54:48.355 diskimages-helper[1921:3f5f] looking for UUID D5E35A2C-EC8D-4FCF-94D0-3637DD6F89A0, got XXXXXXXX-XXXX-XXXX-XXXX-XXXXXXXXXXXX
2008-01-23 12:54:48.356 diskimages-helper[1921:1603] -unmountAndDetachWithForce: unmount returned 0
2008-01-23 12:54:48.357 diskimages-helper[1921:3f5f] _diskAppearedCallback: disk2
2008-01-23 12:54:48.360 diskimages-helper[1921:3f5f]               : (null) Apple_partition_scheme
2008-01-23 12:54:48.362 diskimages-helper[1921:3f5f] looking for UUID D5E35A2C-EC8D-4FCF-94D0-3637DD6F89A0, got XXXXXXXX-XXXX-XXXX-XXXX-XXXXXXXXXXXX
2008-01-23 12:54:48.364 diskimages-helper[1921:3f5f] _diskAppearedCallback: disk1
diskimages-helper: DI_kextDriveGetRequest returned 0x00000025 (37) ((os/kern) object terminated).
2008-01-23 12:54:48.366 diskimages-helper[1921:3f5f]               : (null) Apple_partition_scheme
2008-01-23 12:54:48.366 diskimages-helper[1921:3a27] -serveImage: ALL DONE SERVING THE IMAGE (0)
2008-01-23 12:54:48.368 diskimages-helper[1921:1603] -unmountAndDetachWithForce: eject returned 0
2008-01-23 12:54:48.369 diskimages-helper[1921:3a27] -decrementBackgroundThreadCount: entry with error 0.
2008-01-23 12:54:48.370 diskimages-helper[1921:1603] performAttach: remountReturningDictionary returned 109
(null)
2008-01-23 12:54:48.370 diskimages-helper[1921:3a27] -decrementBackgroundThreadCount: _backgroundThreadCount is now 2.
2008-01-23 12:54:48.371 diskimages-helper[1921:3f5f] looking for UUID D5E35A2C-EC8D-4FCF-94D0-3637DD6F89A0, got XXXXXXXX-XXXX-XXXX-XXXX-XXXXXXXXXXXX
2008-01-23 12:54:48.372 diskimages-helper[1921:1603] performAttach: returned 109
closing 3 /Users/xxx/vilefault/tests/testimage.AES-256.64k.header_v2.dmg closeDataFork 1987
2008-01-23 12:54:48.375 diskimages-helper[1921:3f5f] _diskAppearedCallback: disk1s2
2008-01-23 12:54:48.376 diskimages-helper[1921:1603] DIHelperAttach performOperation: returning 109
2008-01-23 12:54:48.377 diskimages-helper[1921:3f5f]               : /Users/xxx/Coding
2008-01-23 12:54:48.378 diskimages-helper[1921:1603] -decrementBackgroundThreadCount: _backgroundThreadCount is now 1.
2008-01-23 12:54:48.378 diskimages-helper[1921:10b] DIHelper _report_results: reporting {
    payload =     {
    };
    "result-code" = 109;
}
2008-01-23 12:54:48.382 diskimages-helper[1921:3f5f] looking for UUID D5E35A2C-EC8D-4FCF-94D0-3637DD6F89A0, got XXXXXXXX-XXXX-XXXX-XXXX-XXXXXXXXXXXX
2008-01-23 12:54:48.383 diskimages-helper[1921:3f5f] _diskAppearedCallback: disk1s1
2008-01-23 12:54:48.384 diskimages-helper[1921:3f5f]               : (null) Apple_partition_map
2008-01-23 12:54:48.382 hdiutil[1919:1c03] reportResultsToFramework: proxy has finished operation
2008-01-23 12:54:48.386 diskimages-helper[1921:3f5f] looking for UUID D5E35A2C-EC8D-4FCF-94D0-3637DD6F89A0, got XXXXXXXX-XXXX-XXXX-XXXX-XXXXXXXXXXXX
2008-01-23 12:54:48.387 diskimages-helper[1921:3f5f] _diskAppearedCallback: disk0
2008-01-23 12:54:48.387 diskimages-helper[1921:3f5f]               : (null) GUID_partition_scheme
2008-01-23 12:54:48.390 diskimages-helper[1921:3f5f] looking for UUID D5E35A2C-EC8D-4FCF-94D0-3637DD6F89A0, got (null)
2008-01-23 12:54:48.390 diskimages-helper[1921:3f5f] _diskAppearedCallback: disk0s1
2008-01-23 12:54:48.393 diskimages-helper[1921:3f5f]               : (null) XXXXXXXX-XXXX-XXXX-XXXX-XXXXXXXXXXXX
2008-01-23 12:54:48.385 hdiutil[1919:1c03] reportResultsToFramework: results are: {
    payload =     {
    };
    "result-code" = 109;
}
2008-01-23 12:54:48.395 diskimages-helper[1921:3f5f] looking for UUID D5E35A2C-EC8D-4FCF-94D0-3637DD6F89A0, got (null)
2008-01-23 12:54:48.396 diskimages-helper[1921:3f5f] _diskAppearedCallback: disk0s2
2008-01-23 12:54:48.396 diskimages-helper[1921:3f5f]               : / XXXXXXXX-XXXX-XXXX-XXXX-XXXXXXXXXXXX
2008-01-23 12:54:48.393 hdiutil[1919:1c03] reportResultsToFramework: _threadResultsError is 109
2008-01-23 12:54:48.399 diskimages-helper[1921:3f5f] looking for UUID D5E35A2C-EC8D-4FCF-94D0-3637DD6F89A0, got (null)
2008-01-23 12:54:48.400 diskimages-helper[1921:3f5f] _diskAppearedCallback: disk0s3
2008-01-23 12:54:48.400 diskimages-helper[1921:3f5f]               : (null) XXXXXXXX-XXXX-XXXX-XXXX-XXXXXXXXXXXX
2008-01-23 12:54:48.403 diskimages-helper[1921:3f5f] looking for UUID D5E35A2C-EC8D-4FCF-94D0-3637DD6F89A0, got (null)
2008-01-23 12:54:48.403 diskimages-helper[1921:3f5f] _diskAppearedCallback: disk0s4
2008-01-23 12:54:48.404 diskimages-helper[1921:3f5f]               : (null) XXXXXXXX-XXXX-XXXX-XXXX-XXXXXXXXXXXX
2008-01-23 12:54:48.399 hdiutil[1919:1c03] reportResultsToFramework: disconnecting from helper.
2008-01-23 12:54:48.406 diskimages-helper[1921:3f5f] looking for UUID D5E35A2C-EC8D-4FCF-94D0-3637DD6F89A0, got (null)
2008-01-23 12:54:48.407 diskimages-helper[1921:3f5f] -_handleMonitorThread exit
2008-01-23 12:54:48.407 diskimages-helper[1921:3f5f] -decrementBackgroundThreadCount: _backgroundThreadCount is now 0.
2008-01-23 12:54:48.408 diskimages-helper[1921:3f5f] -[DIHelperHDID dealloc:]
2008-01-23 12:54:48.507 hdiutil[1919:1c03] disconnectFromHelper: removing observers
2008-01-23 12:54:48.508 hdiutil[1919:1c03] disconnectFromHelper: terminating proxy
2008-01-23 12:54:48.509 diskimages-helper[1921:10b] DIHelper: terminateHelper: entry.
2008-01-23 12:54:48.510 hdiutil[1919:1c03] disconnectFromHelper: terminated proxy
2008-01-23 12:54:48.610 diskimages-helper[1921:10b] -DIHelperAgentMaster terminateUIAgentConnection.
2008-01-23 12:54:48.614 diskimages-helper[1921:10b] DIHelper dealloc.
2008-01-23 12:54:48.615 diskimages-helper[1921:10b] -DIHelperAgentMaster terminateUIAgentConnection.
hdiutil: attach failed - no mountable file systems
