hdiutil: WARNING: -passphrase has been deprecated in favor of -stdinpass
2008-01-23 12:54:45.887 hdiutil[1912:1c03] using helper tool at "/System/Library/PrivateFrameworks/DiskImages.framework/Resources/diskimages-helper".
2008-01-23 12:54:45.912 hdiutil[1912:1c03] connectToFramework
2008-01-23 12:54:46.013 hdiutil[1912:1c03] sendOperationToHelper: about to ask proxy to start operation
2008-01-23 12:54:46.027 diskimages-helper[1914:1603] _imageOptions: {
    "enable-keychain" = 1;
    passphrase = vilefault;
}
2008-01-23 12:54:46.028 diskimages-helper[1914:1603] _driveOptions: {
    autodiskmount = 1;
    "unmount-timeout" = 0;
}
2008-01-23 12:54:46.028 diskimages-helper[1914:1603] DIHelperAttach: initializing framework
DILoadDriver: checking for disk image driver...DILoadDriver: DI_kextExists() returned 0x00000000 (0)...DIIsInitialized: returning NO2008-01-23 12:54:46.036 diskimages-helper[1914:1603] -checkForPreviouslyAttachedImage: entry
2008-01-23 12:54:46.037 diskimages-helper[1914:1603] 


file://localhost/Users/xxx/vilefault/tests/testimage.AES-256.64k.header_v1.dmg - (null) ((null), (null)). perm=0
DIIsInitialized: returning YESCCarbonBackingStore::newProbe: setting initial rval to +100
CDevBackingStore::newProbe: not /dev/disk or /dev/rdisk (/Users/xxx/vilefault/tests/testimage.AES-256.64k.header_v1.dmg).CCURLBackingStore::probe: not recognized URL scheme.
CVectoredBackingStore::newProbe not "vectored" scheme.
DIBackingStoreNewWithCFURL: instantiator returned 0
DIBackingStoreNewWithCFURL: returning 0x00000000
2008-01-23 12:54:46.038 diskimages-helper[1914:1603] -checkForPreviouslyAttachedImage: resolving file://localhost/Users/xxx/vilefault/tests/testimage.AES-256.64k.header_v1.dmg returned 0
2008-01-23 12:54:46.039 diskimages-helper[1914:1603] -checkForPreviouslyAttachedImage: imageUID (
    "d234881030:i7328817"
) shadowUID (null)
2008-01-23 12:54:46.042 diskimages-helper[1914:1603] DIHelperAttach: resolving disk image
DIIsInitialized: returning YESDIIsInitialized: returning YESCCarbonBackingStore::newProbe: setting initial rval to +100
CDevBackingStore::newProbe: not /dev/disk or /dev/rdisk (/Users/xxx/vilefault/tests/testimage.AES-256.64k.header_v1.dmg).CCURLBackingStore::probe: not recognized URL scheme.
CVectoredBackingStore::newProbe not "vectored" scheme.
opening /Users/xxx/vilefault/tests/testimage.AES-256.64k.header_v1.dmg setPermission 1726
CBSDBackingStore::OpenLockFriendly: mapping flags 0x00000002 -> 0x00000026 (locks are MANDATORY)
(RW lock acquired)
closing /Users/xxx/vilefault/tests/testimage.AES-256.64k.header_v1.dmg setPermission 1734
DIBackingStoreNewWithCFURL: instantiator returned 0
DIBackingStoreNewWithCFURL: returning 0x00000000
DIResolveURLToBackingStore: processing level 1 encodings.
DIFileEncodingNewWithBackingStore: entry for encoding level 1
CBSDBackingStore::openDataFork: about to open /Users/xxx/vilefault/tests/testimage.AES-256.64k.header_v1.dmg
opening /Users/xxx/vilefault/tests/testimage.AES-256.64k.header_v1.dmg openDataFork 1907
CBSDBackingStore::OpenLockFriendly: mapping flags 0x00000002 -> 0x00000026 (locks are MANDATORY)
(RW lock acquired)
closing 3 /Users/xxx/vilefault/tests/testimage.AES-256.64k.header_v1.dmg closeDataFork 1987
diskimages-helper: fileNameLength          $0000009E
diskimages-helper: resourceForkLength      $FBAA91DF
diskimages-helper: dataForkLength          $2DB7F5A0
diskimages-helper: commentLength           $0000920F
diskimages-helper: MacBinary III signature   µU@\005 (0xB5554005)
diskimages-helper: header CRC              $00006C9D
diskimages-helper: minimum decoder version $00000060
diskimages-helper: encoder version         $00000078
no MacBinary III signature - checking for MacBinary I or IICBSDBackingStore::openDataFork: about to open /Users/xxx/vilefault/tests/testimage.AES-256.64k.header_v1.dmg
opening /Users/xxx/vilefault/tests/testimage.AES-256.64k.header_v1.dmg openDataFork 1907
CBSDBackingStore::OpenLockFriendly: mapping flags 0x00000002 -> 0x00000026 (locks are MANDATORY)
(RW lock acquired)
closing 3 /Users/xxx/vilefault/tests/testimage.AES-256.64k.header_v1.dmg closeDataFork 1987
CAppleSingleEncoding::isAppleSingleFile loadAppleSingleHeader failed with error 22
CBSDBackingStore::openDataFork: about to open /Users/xxx/vilefault/tests/testimage.AES-256.64k.header_v1.dmg
opening /Users/xxx/vilefault/tests/testimage.AES-256.64k.header_v1.dmg openDataFork 1907
CBSDBackingStore::OpenLockFriendly: mapping flags 0x00000002 -> 0x00000026 (locks are MANDATORY)
(RW lock acquired)
CEncryptedEncoding::copyHeaderInformation: inBackingStore->openDataFork returned 0
CEncryptedEncoding::copyHeaderInformation: inBackingStore->getDataForkLength (stub header) returned 0
[31mCEncryptedEncoding::copyHeaderInformation: backingStore data fork length is 0x00000000000104FC (66812)
[0mCEncryptedEncoding::copyHeaderInformation: reading V1 header from offset 0x0000000000010000 (65536)
CEncryptedEncoding::copyHeaderInformation: inBackingStore->readDataFork (stub header) returned 0
closing 3 /Users/xxx/vilefault/tests/testimage.AES-256.64k.header_v1.dmg closeDataFork 1987
CBSDBackingStore::openDataFork: about to open /Users/xxx/vilefault/tests/testimage.AES-256.64k.header_v1.dmg
opening /Users/xxx/vilefault/tests/testimage.AES-256.64k.header_v1.dmg openDataFork 1907
CBSDBackingStore::OpenLockFriendly: mapping flags 0x00000002 -> 0x00000026 (locks are MANDATORY)
(RW lock acquired)
closing 3 /Users/xxx/vilefault/tests/testimage.AES-256.64k.header_v1.dmg closeDataFork 1987
diskimages-helper: DiskImages secure mode enabled
UNLOCK: using specified passphrase.
unlockCoreWithPasshrase: success
UNLOCK: success!
opening /Users/xxx/vilefault/tests/testimage.AES-256.64k.header_v1.dmg setPermission 1726
CBSDBackingStore::OpenLockFriendly: mapping flags 0x00000002 -> 0x00000026 (locks are MANDATORY)
(RW lock acquired)
closing /Users/xxx/vilefault/tests/testimage.AES-256.64k.header_v1.dmg setPermission 1734
DIFileEncodingNewWithBackingStore: returning 0x00000000
DIFileEncodingNewWithBackingStore: entry for encoding level 1
CBSDBackingStore::openDataFork: about to open /Users/xxx/vilefault/tests/testimage.AES-256.64k.header_v1.dmg
opening /Users/xxx/vilefault/tests/testimage.AES-256.64k.header_v1.dmg openDataFork 1907
CBSDBackingStore::OpenLockFriendly: mapping flags 0x00000002 -> 0x00000026 (locks are MANDATORY)
(RW lock acquired)
closing 3 /Users/xxx/vilefault/tests/testimage.AES-256.64k.header_v1.dmg closeDataFork 1987
diskimages-helper: fileNameLength          $00000000
diskimages-helper: resourceForkLength      $00000000
diskimages-helper: dataForkLength          $00000000
diskimages-helper: commentLength           $00000000
diskimages-helper: MacBinary III signature        (0x00000000)
diskimages-helper: header CRC              $00000000
diskimages-helper: minimum decoder version $00000000
diskimages-helper: encoder version         $00000000
no MacBinary III signature - checking for MacBinary I or IIcalculated CRC          $00000000MacBinary II foundfinal sanity checkERROR kFileNameLength <= 0failed final sanity check...CBSDBackingStore::openDataFork: about to open /Users/xxx/vilefault/tests/testimage.AES-256.64k.header_v1.dmg
opening /Users/xxx/vilefault/tests/testimage.AES-256.64k.header_v1.dmg openDataFork 1907
CBSDBackingStore::OpenLockFriendly: mapping flags 0x00000002 -> 0x00000026 (locks are MANDATORY)
(RW lock acquired)
closing 3 /Users/xxx/vilefault/tests/testimage.AES-256.64k.header_v1.dmg closeDataFork 1987
CAppleSingleEncoding::isAppleSingleFile loadAppleSingleHeader failed with error 22
CBSDBackingStore::openDataFork: about to open /Users/xxx/vilefault/tests/testimage.AES-256.64k.header_v1.dmg
opening /Users/xxx/vilefault/tests/testimage.AES-256.64k.header_v1.dmg openDataFork 1907
CBSDBackingStore::OpenLockFriendly: mapping flags 0x00000002 -> 0x00000026 (locks are MANDATORY)
(RW lock acquired)
CEncryptedEncoding::copyHeaderInformation: inBackingStore->openDataFork returned 0
CEncryptedEncoding::copyHeaderInformation: inBackingStore->getDataForkLength (stub header) returned 0
[31mCEncryptedEncoding::copyHeaderInformation: backingStore data fork length is 0x0000000000010000 (65536)
[0mCEncryptedEncoding::copyHeaderInformation: reading V1 header from offset 0x000000000000FB04 (64260)
CEncryptedEncoding::copyHeaderInformation: inBackingStore->readDataFork (stub header) returned 0
CEncryptedEncoding::copyHeaderInformation: not recognized as v1 header
CEncryptedEncoding::copyHeaderInformation: reading V2 header from offset 0x0000000000000000 (0)
CEncryptedEncoding::copyHeaderInformation: inBackingStore->readDataFork (stub header) returned 0
CEncryptedEncoding::copyHeaderInformation: not recognized as v2 header
closing 3 /Users/xxx/vilefault/tests/testimage.AES-256.64k.header_v1.dmg closeDataFork 1987
DIFileEncodingNewWithBackingStore: probe fails to find appropriate CFileEncoding class.
DIFileEncodingNewWithBackingStore: returning 0x0000006B
(continuing)
DIResolveURLToBackingStore: processing level 2 encodings.
DIFileEncodingNewWithBackingStore: entry for encoding level 2
CBSDBackingStore::openDataFork: about to open /Users/xxx/vilefault/tests/testimage.AES-256.64k.header_v1.dmg
opening /Users/xxx/vilefault/tests/testimage.AES-256.64k.header_v1.dmg openDataFork 1907
CBSDBackingStore::OpenLockFriendly: mapping flags 0x00000002 -> 0x00000026 (locks are MANDATORY)
(RW lock acquired)
closing 3 /Users/xxx/vilefault/tests/testimage.AES-256.64k.header_v1.dmg closeDataFork 1987
CUDIFEncoding::newProbe: failing because backing store is not UDIF file
DIFileEncodingNewWithBackingStore: probe fails to find appropriate CFileEncoding class.
DIFileEncodingNewWithBackingStore: returning 0x0000006B
(continuing)
DIResolveURLToBackingStore: processing level 3 encodings.
DIFileEncodingNewWithBackingStore: entry for encoding level 3
checkTypeCreator: rved/ksdd
checkTypeCreator: returning     , score 0
CSegmentedNDIFEncoding::isSegmentedNDIFFile checkTypeCreator failed
CSegmentedUDIFEncoding::isSegmentedUDIFFile backing store is not of type CUDIFEncoding
DIIsInitialized: returning YESCCarbonBackingStore::newProbe stat() failed.  No such file or directory.
CDevBackingStore::newProbe: not /dev/disk or /dev/rdisk (/Users/xxx/vilefault/tests/testimage.AES-256.64k.header_v1.002.dmgpart).CCURLBackingStore::probe: not recognized URL scheme.
CVectoredBackingStore::newProbe not "vectored" scheme.
DIBackingStoreNewWithCFURL: instantiator returned 2
DIBackingStoreNewWithCFURL: returning 0x00000002
CSegmentedUDIFRawEncoding::isSegmentedUDIFRawFile failed because could not find second segment.
DIFileEncodingNewWithBackingStore: probe fails to find appropriate CFileEncoding class.
DIFileEncodingNewWithBackingStore: returning 0x0000006B
(continuing)
DIIsInitialized: returning YEScheckTypeCreator: rved/ksdd
checkTypeCreator: returning     , score 0
CNDIFDiskImage::newProbe: checkExtension gives score -1000.
CUDIFDiskImage::checkBackingStoreType: backing store is wrong type
checkBackingStoreType returned score 0 type     
checkTypeCreator returned score 100 type WRDU
opening /Users/xxx/vilefault/tests/testimage.AES-256.64k.header_v1.dmg setPermission 1701
CBSDBackingStore::OpenLockFriendly: mapping flags 0x00000000 -> 0x00000014 (locks are MANDATORY)
(RO lock acquired)
closing /Users/xxx/vilefault/tests/testimage.AES-256.64k.header_v1.dmg setPermission 1706
CBSDBackingStore::openDataFork: about to open /Users/xxx/vilefault/tests/testimage.AES-256.64k.header_v1.dmg
opening /Users/xxx/vilefault/tests/testimage.AES-256.64k.header_v1.dmg openDataFork 1907
CBSDBackingStore::OpenLockFriendly: mapping flags 0x00000000 -> 0x00000014 (locks are MANDATORY)
(RO lock acquired)
closing 3 /Users/xxx/vilefault/tests/testimage.AES-256.64k.header_v1.dmg closeDataFork 1987
CRawDiskImage: checkTypeCreator returns score 100
CBSDBackingStore::openDataFork: about to open /Users/xxx/vilefault/tests/testimage.AES-256.64k.header_v1.dmg
opening /Users/xxx/vilefault/tests/testimage.AES-256.64k.header_v1.dmg openDataFork 1907
CBSDBackingStore::OpenLockFriendly: mapping flags 0x00000000 -> 0x00000014 (locks are MANDATORY)
(RO lock acquired)
closing 3 /Users/xxx/vilefault/tests/testimage.AES-256.64k.header_v1.dmg closeDataFork 1987
CSparseBundleDiskImage::newProbe: returning 0
checkBackingStoreType returned score 0 type     
checkTypeCreator returned score 100 type WRDU
opening /Users/xxx/vilefault/tests/testimage.AES-256.64k.header_v1.dmg setPermission 1726
CBSDBackingStore::OpenLockFriendly: mapping flags 0x00000002 -> 0x00000026 (locks are MANDATORY)
(RW lock acquired)
closing /Users/xxx/vilefault/tests/testimage.AES-256.64k.header_v1.dmg setPermission 1734
CBSDBackingStore::openDataFork: about to open /Users/xxx/vilefault/tests/testimage.AES-256.64k.header_v1.dmg
opening /Users/xxx/vilefault/tests/testimage.AES-256.64k.header_v1.dmg openDataFork 1907
CBSDBackingStore::OpenLockFriendly: mapping flags 0x00000002 -> 0x00000026 (locks are MANDATORY)
(RW lock acquired)
DIDiskImageNewWithBackingStore: returning 0x00000000
2008-01-23 12:54:46.108 diskimages-helper[1914:1603] DIHelperAttach: resolving shadow/section options
2008-01-23 12:54:46.108 diskimages-helper[1914:1603] resolveShadowAndSectionOptions: returned 0
2008-01-23 12:54:46.109 diskimages-helper[1914:1603] DIHelperAttach: checking in-use (1)
DIBackingStore::inUse: checking our list looking for who's naughty and nice
DIBackingStore::inUse: checking image 0000
------XXXXXXXX-XXXX-XXXX-XXXX-XXXXXXXXXXXX
DIBackingStore::inUse: checking image 0001
------XXXXXXXX-XXXX-XXXX-XXXX-XXXXXXXXXXXX
2008-01-23 12:54:46.112 diskimages-helper[1914:1603] performInUseVerification: returned 0
2008-01-23 12:54:46.113 diskimages-helper[1914:1603] DIHelperAttach: checking SLA
CDiskImage::LPic2CFD: entry
CDiskImage::LPic2CFD: got backing store
CDiskImage::LPic2CFD: cleanup
CDiskImage::LPic2CFD: returning 0x0
2008-01-23 12:54:46.113 diskimages-helper[1914:1603] DIHelperAttach: checking checksum
2008-01-23 12:54:46.113 diskimages-helper[1914:1603] performChecksumVerification: image has no checksum
2008-01-23 12:54:46.114 diskimages-helper[1914:1603] performChecksumVerification: returned 0
2008-01-23 12:54:46.114 diskimages-helper[1914:1603] DIHelperAttach: checking in-use (2)
DIBackingStore::inUse: checking our list looking for who's naughty and nice
DIBackingStore::inUse: checking image 0000
------XXXXXXXX-XXXX-XXXX-XXXX-XXXXXXXXXXXX
DIBackingStore::inUse: checking image 0001
------XXXXXXXX-XXXX-XXXX-XXXX-XXXXXXXXXXXX
2008-01-23 12:54:46.117 diskimages-helper[1914:1603] performInUseVerification: returned 0
2008-01-23 12:54:46.117 diskimages-helper[1914:1603] DIHelperAttach: setting up IDME
2008-01-23 12:54:46.117 diskimages-helper[1914:1603] -[DIHelperHDID initWithDiskImage:]
2008-01-23 12:54:46.119 diskimages-helper[1914:1603] DIHelperAttach: attaching disk image
2008-01-23 12:54:46.121 diskimages-helper[1914:1603] performAttach: entry
2008-01-23 12:54:46.122 diskimages-helper[1914:1603] setMountFlags: 0x00000003
2008-01-23 12:54:46.123 diskimages-helper[1914:1603] 0x00000003
2008-01-23 12:54:46.123 diskimages-helper[1914:1603] setMountFlags: 0x00000000
2008-01-23 12:54:46.124 diskimages-helper[1914:1603] 0x00000000
2008-01-23 12:54:46.124 diskimages-helper[1914:1603] performAttach: before performVolumeChecking, about to attachReturningDictionary
2008-01-23 12:54:46.124 diskimages-helper[1914:1603] -attachReturningDictionary:
2008-01-23 12:54:46.127 diskimages-helper[1914:1603] _diskAppearedCallback: disk2s1
2008-01-23 12:54:46.127 diskimages-helper[1914:1603]               : (null) Apple_partition_map
2008-01-23 12:54:46.130 diskimages-helper[1914:1603] looking for UUID 4E4BACAF-9FE5-4F1B-9545-85DFF2CDBEF1, got XXXXXXXX-XXXX-XXXX-XXXX-XXXXXXXXXXXX
2008-01-23 12:54:46.131 diskimages-helper[1914:1603] _diskAppearedCallback: disk2s2
2008-01-23 12:54:46.131 diskimages-helper[1914:1603]               : /Volumes/xxx
2008-01-23 12:54:46.134 diskimages-helper[1914:1603] looking for UUID 4E4BACAF-9FE5-4F1B-9545-85DFF2CDBEF1, got XXXXXXXX-XXXX-XXXX-XXXX-XXXXXXXXXXXX
2008-01-23 12:54:46.134 diskimages-helper[1914:1603] _diskAppearedCallback: disk2
2008-01-23 12:54:46.135 diskimages-helper[1914:1603]               : (null) Apple_partition_scheme
2008-01-23 12:54:46.137 diskimages-helper[1914:1603] looking for UUID 4E4BACAF-9FE5-4F1B-9545-85DFF2CDBEF1, got XXXXXXXX-XXXX-XXXX-XXXX-XXXXXXXXXXXX
2008-01-23 12:54:46.138 diskimages-helper[1914:1603] _diskAppearedCallback: disk1
2008-01-23 12:54:46.138 diskimages-helper[1914:1603]               : (null) Apple_partition_scheme
2008-01-23 12:54:46.141 diskimages-helper[1914:1603] looking for UUID 4E4BACAF-9FE5-4F1B-9545-85DFF2CDBEF1, got XXXXXXXX-XXXX-XXXX-XXXX-XXXXXXXXXXXX
2008-01-23 12:54:46.141 diskimages-helper[1914:1603] _diskAppearedCallback: disk1s2
2008-01-23 12:54:46.142 diskimages-helper[1914:1603]               : /Users/xxx/Coding
2008-01-23 12:54:46.144 diskimages-helper[1914:1603] looking for UUID 4E4BACAF-9FE5-4F1B-9545-85DFF2CDBEF1, got XXXXXXXX-XXXX-XXXX-XXXX-XXXXXXXXXXXX
2008-01-23 12:54:46.145 diskimages-helper[1914:1603] _diskAppearedCallback: disk1s1
2008-01-23 12:54:46.145 diskimages-helper[1914:1603]               : (null) Apple_partition_map
2008-01-23 12:54:46.148 diskimages-helper[1914:1603] looking for UUID 4E4BACAF-9FE5-4F1B-9545-85DFF2CDBEF1, got XXXXXXXX-XXXX-XXXX-XXXX-XXXXXXXXXXXX
2008-01-23 12:54:46.148 diskimages-helper[1914:1603] _diskAppearedCallback: disk0
2008-01-23 12:54:46.149 diskimages-helper[1914:1603]               : (null) GUID_partition_scheme
2008-01-23 12:54:46.151 diskimages-helper[1914:1603] looking for UUID 4E4BACAF-9FE5-4F1B-9545-85DFF2CDBEF1, got (null)
2008-01-23 12:54:46.152 diskimages-helper[1914:1603] _diskAppearedCallback: disk0s1
2008-01-23 12:54:46.152 diskimages-helper[1914:1603]               : (null) XXXXXXXX-XXXX-XXXX-XXXX-XXXXXXXXXXXX
2008-01-23 12:54:46.154 diskimages-helper[1914:1603] looking for UUID 4E4BACAF-9FE5-4F1B-9545-85DFF2CDBEF1, got (null)
2008-01-23 12:54:46.155 diskimages-helper[1914:1603] _diskAppearedCallback: disk0s2
2008-01-23 12:54:46.156 diskimages-helper[1914:1603]               : / XXXXXXXX-XXXX-XXXX-XXXX-XXXXXXXXXXXX
2008-01-23 12:54:46.158 diskimages-helper[1914:1603] looking for UUID 4E4BACAF-9FE5-4F1B-9545-85DFF2CDBEF1, got (null)
2008-01-23 12:54:46.159 diskimages-helper[1914:1603] _diskAppearedCallback: disk0s3
2008-01-23 12:54:46.159 diskimages-helper[1914:1603]               : (null) XXXXXXXX-XXXX-XXXX-XXXX-XXXXXXXXXXXX
2008-01-23 12:54:46.162 diskimages-helper[1914:1603] looking for UUID 4E4BACAF-9FE5-4F1B-9545-85DFF2CDBEF1, got (null)
2008-01-23 12:54:46.162 diskimages-helper[1914:1603] _diskAppearedCallback: disk0s4
2008-01-23 12:54:46.163 diskimages-helper[1914:1603]               : (null) XXXXXXXX-XXXX-XXXX-XXXX-XXXXXXXXXXXX
2008-01-23 12:54:46.165 diskimages-helper[1914:1603] looking for UUID 4E4BACAF-9FE5-4F1B-9545-85DFF2CDBEF1, got (null)
2008-01-23 12:54:46.168 diskimages-helper[1914:1603] _attachOutKernel: spawning off thread to serve image
2008-01-23 12:54:46.168 diskimages-helper[1914:1603] -waitForDevEntriesToAppear: (DA version)
2008-01-23 12:54:46.168 diskimages-helper[1914:3a27] -serveImage: kicking off monitorThread ********************
2008-01-23 12:54:46.169 diskimages-helper[1914:1603] _doneWaitingForDevEntries: entry
2008-01-23 12:54:46.170 diskimages-helper[1914:3a27] serveImage: entry
2008-01-23 12:54:46.171 diskimages-helper[1914:1603]               : rootDiskIdentifier is NOT set
2008-01-23 12:54:46.171 diskimages-helper[1914:3f5f] -incrementBackgroundThreadCount.
2008-01-23 12:54:46.171 diskimages-helper[1914:3a27] -incrementBackgroundThreadCount.
2008-01-23 12:54:46.171 diskimages-helper[1914:1603]               : returning no
2008-01-23 12:54:46.171 diskimages-helper[1914:3f5f] -incrementBackgroundThreadCount: _backgroundThreadCount is now 2.
2008-01-23 12:54:46.172 diskimages-helper[1914:3f5f] -_handleMonitorThread entry
2008-01-23 12:54:46.172 diskimages-helper[1914:3a27] -incrementBackgroundThreadCount: _backgroundThreadCount is now 3.
2008-01-23 12:54:46.173 diskimages-helper[1914:3a27] -serveImage: attaching drive
{
    autodiskmount = 1;
    "hdiagent-drive-identifier" = "4E4BACAF-9FE5-4F1B-9545-85DFF2CDBEF1";
    "unmount-timeout" = 0;
}
DIIsInitialized: returning YESqtn_file_alloc returned 0x811200
CDiskImage::createUniqueIDDict: creating array from backing store identifier.
2008-01-23 12:54:46.184 diskimages-helper[1914:3a27] -serveImage: connecting to myDrive 0x00004A0B
2008-01-23 12:54:46.184 diskimages-helper[1914:3a27] -serveImage: register _readBuffer 0x0x445000 with myDrive 0x0x0
2008-01-23 12:54:46.185 diskimages-helper[1914:3a27] -serveImage: activating drive port 0x0x4807
2008-01-23 12:54:46.272 diskimages-helper[1914:1603] _doneWaitingForDevEntries: entry
2008-01-23 12:54:46.273 diskimages-helper[1914:1603]               : rootDiskIdentifier is NOT set
2008-01-23 12:54:46.274 diskimages-helper[1914:1603]               : returning no
2008-01-23 12:54:46.375 diskimages-helper[1914:1603] _doneWaitingForDevEntries: entry
2008-01-23 12:54:46.376 diskimages-helper[1914:1603]               : rootDiskIdentifier is NOT set
2008-01-23 12:54:46.377 diskimages-helper[1914:1603]               : returning no
2008-01-23 12:54:46.478 diskimages-helper[1914:1603] _doneWaitingForDevEntries: entry
2008-01-23 12:54:46.479 diskimages-helper[1914:1603]               : rootDiskIdentifier is NOT set
2008-01-23 12:54:46.480 diskimages-helper[1914:1603]               : returning no
2008-01-23 12:54:46.581 diskimages-helper[1914:1603] _doneWaitingForDevEntries: entry
2008-01-23 12:54:46.582 diskimages-helper[1914:1603]               : rootDiskIdentifier is NOT set
2008-01-23 12:54:46.582 diskimages-helper[1914:1603]               : returning no
2008-01-23 12:54:46.683 diskimages-helper[1914:1603] _doneWaitingForDevEntries: entry
2008-01-23 12:54:46.685 diskimages-helper[1914:1603]               : rootDiskIdentifier is NOT set
2008-01-23 12:54:46.685 diskimages-helper[1914:1603]               : returning no
2008-01-23 12:54:46.786 diskimages-helper[1914:1603] _doneWaitingForDevEntries: entry
2008-01-23 12:54:46.787 diskimages-helper[1914:1603]               : rootDiskIdentifier is NOT set
2008-01-23 12:54:46.789 diskimages-helper[1914:1603]               : returning no
2008-01-23 12:54:46.842 diskimages-helper[1914:1603] looking for UUID 4E4BACAF-9FE5-4F1B-9545-85DFF2CDBEF1, got XXXXXXXX-XXXX-XXXX-XXXX-XXXXXXXXXXXX
2008-01-23 12:54:46.843 diskimages-helper[1914:1603] _diskPeekCallback: peek received for disk3s1
2008-01-23 12:54:46.845 diskimages-helper[1914:1603] _diskPeekCallback: caching automatic mount=YES for disk3s1
2008-01-23 12:54:46.848 diskimages-helper[1914:3f5f] looking for UUID 4E4BACAF-9FE5-4F1B-9545-85DFF2CDBEF1, got XXXXXXXX-XXXX-XXXX-XXXX-XXXXXXXXXXXX
2008-01-23 12:54:46.848 diskimages-helper[1914:1603]    setting kDADiskOptionsMountAutomatic to FALSE
2008-01-23 12:54:46.848 diskimages-helper[1914:3f5f] _diskPeekCallback: peek received for disk3
2008-01-23 12:54:46.849 diskimages-helper[1914:1603] _doneWaitingForDevEntries: entry
2008-01-23 12:54:46.851 diskimages-helper[1914:3f5f] _diskPeekCallback: found rootDiskIdentifier to be disk3
2008-01-23 12:54:46.852 diskimages-helper[1914:1603]               : rootDiskIdentifier is NOT set
2008-01-23 12:54:46.852 diskimages-helper[1914:3f5f] _diskPeekCallback: caching automatic mount=YES for disk3
2008-01-23 12:54:46.853 diskimages-helper[1914:1603]               : returning no
2008-01-23 12:54:46.853 diskimages-helper[1914:3f5f]    setting kDADiskOptionsMountAutomatic to FALSE
2008-01-23 12:54:46.860 diskimages-helper[1914:1603] _diskAppearedCallback: disk3s1
2008-01-23 12:54:46.861 diskimages-helper[1914:1603]               : (null) XXXXXXXX-XXXX-XXXX-XXXX-XXXXXXXXXXXX
2008-01-23 12:54:46.869 diskimages-helper[1914:1603] looking for UUID 4E4BACAF-9FE5-4F1B-9545-85DFF2CDBEF1, got XXXXXXXX-XXXX-XXXX-XXXX-XXXXXXXXXXXX
2008-01-23 12:54:46.870 diskimages-helper[1914:3f5f] _diskAppearedCallback: disk3
2008-01-23 12:54:46.871 diskimages-helper[1914:1603] _doneWaitingForDevEntries: entry
2008-01-23 12:54:46.871 diskimages-helper[1914:3f5f]               : (null) GUID_partition_scheme
2008-01-23 12:54:46.872 diskimages-helper[1914:1603]               : got root disk identifier disk3
2008-01-23 12:54:46.878 diskimages-helper[1914:1603]               : peek array not empty (
    disk3s1,
    disk3
)
2008-01-23 12:54:46.879 diskimages-helper[1914:1603]               : peek count 2 does NOT equal diskAppeared count 1
2008-01-23 12:54:46.883 diskimages-helper[1914:3f5f] looking for UUID 4E4BACAF-9FE5-4F1B-9545-85DFF2CDBEF1, got XXXXXXXX-XXXX-XXXX-XXXX-XXXXXXXXXXXX
2008-01-23 12:54:46.883 diskimages-helper[1914:1603]               : returning no
2008-01-23 12:54:46.892 diskimages-helper[1914:3f5f] diskAppearedCallback: found rootDiskIdentifier to be disk3
2008-01-23 12:54:46.892 diskimages-helper[1914:3f5f] diskAppearedCalback: invalidating timers since peek is done - fsck could take a long time so we stop the timers
2008-01-23 12:54:46.984 diskimages-helper[1914:1603] _doneWaitingForDevEntries: entry
2008-01-23 12:54:46.985 diskimages-helper[1914:1603]               : got root disk identifier disk3
2008-01-23 12:54:46.987 diskimages-helper[1914:1603]               : peek array not empty (
    disk3s1,
    disk3
)
2008-01-23 12:54:46.987 diskimages-helper[1914:1603]               : peek count equals diskAppeared count 2
2008-01-23 12:54:46.990 diskimages-helper[1914:1603]               : root IOMedia object not busy
2008-01-23 12:54:46.991 diskimages-helper[1914:1603] countIOMediaObjectsFrom returned 2
2008-01-23 12:54:46.991 diskimages-helper[1914:1603]               : IOMedia count equals peek array count 2
2008-01-23 12:54:46.992 diskimages-helper[1914:1603]               : returning YES
2008-01-23 12:54:46.992 diskimages-helper[1914:1603] -waitForDevEntriesToAppear: found: (
    disk3s1,
    disk3
)
2008-01-23 12:54:46.992 diskimages-helper[1914:1603] buildReturnDictionary:
2008-01-23 12:54:46.994 diskimages-helper[1914:1603] adding (disk3s1): {
    "content-hint" = "Apple_HFS";
    "dev-entry" = "/dev/disk3s1";
    "potentially-mountable" = 0;
    "unmapped-content-hint" = "48465300-0000-11AA-AA11-00306543ECAC";
}
2008-01-23 12:54:46.995 diskimages-helper[1914:1603] adding (disk3): {
    "content-hint" = "GUID_partition_scheme";
    "dev-entry" = "/dev/disk3";
    "potentially-mountable" = 0;
    "unmapped-content-hint" = "GUID_partition_scheme";
}
2008-01-23 12:54:46.996 diskimages-helper[1914:1603] -attachReturningDictionary: _buildReturnDictionary returned 0
2008-01-23 12:54:46.997 diskimages-helper[1914:1603] -attachReturningDictionary: kicked off hdiejectd
2008-01-23 12:54:46.997 diskimages-helper[1914:1603] performAttach: attachReturningDictionary returned 0
{
    "system-entities" =     (
                {
            "content-hint" = "Apple_HFS";
            "dev-entry" = "/dev/disk3s1";
            "potentially-mountable" = 0;
            "unmapped-content-hint" = "48465300-0000-11AA-AA11-00306543ECAC";
        },
                {
            "content-hint" = "GUID_partition_scheme";
            "dev-entry" = "/dev/disk3";
            "potentially-mountable" = 0;
            "unmapped-content-hint" = "GUID_partition_scheme";
        }
    );
}
2008-01-23 12:54:46.998 diskimages-helper[1914:1603] performAttach: about to performVolumeChecking
2008-01-23 12:54:46.998 diskimages-helper[1914:1603] performVolumeChecking: entry
2008-01-23 12:54:46.998 diskimages-helper[1914:1603] _cachedFsckDataFor: entry
2008-01-23 12:54:46.999 diskimages-helper[1914:1603] _cachedFsckDataFor: getxattr failed 93
2008-01-23 12:54:46.999 diskimages-helper[1914:1603] _cachedFsckDataFor: returning (null)
2008-01-23 12:54:47.000 diskimages-helper[1914:1603] _needToAutoFsck: returning YES
2008-01-23 12:54:47.000 diskimages-helper[1914:1603] performVolumeChecking: nothing to auto-fsck
2008-01-23 12:54:47.001 diskimages-helper[1914:1603] performAttach: performVolumeChecking returned 0
2008-01-23 12:54:47.002 diskimages-helper[1914:1603] setMountFlags: 0x00000003
2008-01-23 12:54:47.002 diskimages-helper[1914:1603] 0x00000003
2008-01-23 12:54:47.002 diskimages-helper[1914:1603] -remountReturningDictionary:
2008-01-23 12:54:47.004 diskimages-helper[1914:3f5f] _diskAppearedCallback: disk3s1
2008-01-23 12:54:47.005 diskimages-helper[1914:1603] mountDevEntries: (DiskArb version)
2008-01-23 12:54:47.005 diskimages-helper[1914:3f5f]               : (null) XXXXXXXX-XXXX-XXXX-XXXX-XXXXXXXXXXXX
2008-01-23 12:54:47.005 diskimages-helper[1914:1603] disk3s1
2008-01-23 12:54:47.008 diskimages-helper[1914:3f5f] looking for UUID 4E4BACAF-9FE5-4F1B-9545-85DFF2CDBEF1, got XXXXXXXX-XXXX-XXXX-XXXX-XXXXXXXXXXXX
2008-01-23 12:54:47.011 diskimages-helper[1914:1603] >> {
    DAAppearanceTime = 222782086.816745;
    DABusName = "/";
    DABusPath = "IODeviceTree:/";
    DADeviceModel = "Disk Image";
    DADevicePath = "IOService:/IOResources/IOHDIXController/IOHDIXHDDriveOutKernel/IODiskImageBlockStorageDeviceOutKernel";
    DADeviceProtocol = "Virtual Interface";
    DADeviceRevision = "10.5v192.1";
    DADeviceUnit = 60;
    DADeviceVendor = Apple;
    DAMediaBSDMajor = 14;
    DAMediaBSDMinor = 12;
    DAMediaBSDName = disk3s1;
    DAMediaBSDUnit = 3;
    DAMediaBlockSize = 512;
    DAMediaContent = "48465300-0000-11AA-AA11-00306543ECAC";
    DAMediaEjectable = 1;
    DAMediaIcon =     {
        CFBundleIdentifier = "com.apple.iokit.IOStorageFamily";
        IOBundleResourceFile = "Removable.icns";
    };
    DAMediaKind = IOMedia;
    DAMediaLeaf = 1;
    DAMediaName = "disk image";
    DAMediaPath = "IOService:/IOResources/IOHDIXController/IOHDIXHDDriveOutKernel/IODiskImageBlockStorageDeviceOutKernel/IOBlockStorageDriver/Apple read/write Media/IOGUIDPartitionScheme/disk image@1";
    DAMediaRemovable = 1;
    DAMediaSize = 24576;
    DAMediaUUID = <NSCFType: 0x532a20>;
    DAMediaWhole = 0;
    DAMediaWritable = 1;
    DAVolumeMountable = 0;
    DAVolumeNetwork = 0;
} << 
2008-01-23 12:54:47.012 diskimages-helper[1914:3f5f] _diskAppearedCallback: disk3
2008-01-23 12:54:47.012 diskimages-helper[1914:1603] disk3
2008-01-23 12:54:47.012 diskimages-helper[1914:3f5f]               : (null) GUID_partition_scheme
2008-01-23 12:54:47.013 diskimages-helper[1914:1603] >> {
    DAAppearanceTime = 222782086.814794;
    DABusName = "/";
    DABusPath = "IODeviceTree:/";
    DADeviceModel = "Disk Image";
    DADevicePath = "IOService:/IOResources/IOHDIXController/IOHDIXHDDriveOutKernel/IODiskImageBlockStorageDeviceOutKernel";
    DADeviceProtocol = "Virtual Interface";
    DADeviceRevision = "10.5v192.1";
    DADeviceUnit = 60;
    DADeviceVendor = Apple;
    DAMediaBSDMajor = 14;
    DAMediaBSDMinor = 11;
    DAMediaBSDName = disk3;
    DAMediaBSDUnit = 3;
    DAMediaBlockSize = 512;
    DAMediaContent = "GUID_partition_scheme";
    DAMediaEjectable = 1;
    DAMediaIcon =     {
        CFBundleIdentifier = "com.apple.iokit.IOStorageFamily";
        IOBundleResourceFile = "Removable.icns";
    };
    DAMediaKind = IOMedia;
    DAMediaLeaf = 0;
    DAMediaName = "Apple read/write Media";
    DAMediaPath = "IOService:/IOResources/IOHDIXController/IOHDIXHDDriveOutKernel/IODiskImageBlockStorageDeviceOutKernel/IOBlockStorageDriver/Apple read/write Media";
    DAMediaRemovable = 1;
    DAMediaSize = 65536;
    DAMediaWhole = 1;
    DAMediaWritable = 1;
    DAVolumeMountable = 0;
    DAVolumeNetwork = 0;
} << 
2008-01-23 12:54:47.015 diskimages-helper[1914:3f5f] looking for UUID 4E4BACAF-9FE5-4F1B-9545-85DFF2CDBEF1, got XXXXXXXX-XXXX-XXXX-XXXX-XXXXXXXXXXXX
2008-01-23 12:54:47.015 diskimages-helper[1914:1603] -remountReturningDictionary: _remountDevEntries returned 109
2008-01-23 12:54:47.018 diskimages-helper[1914:3f5f] diskAppearedCallback: found rootDiskIdentifier to be disk3
2008-01-23 12:54:47.018 diskimages-helper[1914:1603] buildReturnDictionary:
2008-01-23 12:54:47.018 diskimages-helper[1914:3f5f] diskAppearedCalback: invalidating timers since peek is done - fsck could take a long time so we stop the timers
2008-01-23 12:54:47.019 diskimages-helper[1914:1603] adding (disk3s1): {
    "content-hint" = "Apple_HFS";
    "dev-entry" = "/dev/disk3s1";
    "potentially-mountable" = 0;
    "unmapped-content-hint" = "48465300-0000-11AA-AA11-00306543ECAC";
}
2008-01-23 12:54:47.020 diskimages-helper[1914:3f5f] _diskAppearedCallback: disk2s1
2008-01-23 12:54:47.020 diskimages-helper[1914:1603] adding (disk3): {
    "content-hint" = "GUID_partition_scheme";
    "dev-entry" = "/dev/disk3";
    "potentially-mountable" = 0;
    "unmapped-content-hint" = "GUID_partition_scheme";
}
2008-01-23 12:54:47.020 diskimages-helper[1914:3f5f]               : (null) Apple_partition_map
2008-01-23 12:54:47.021 diskimages-helper[1914:1603] -remountReturningDictionary: _buildReturnDictionary returned 109
2008-01-23 12:54:47.023 diskimages-helper[1914:3f5f] looking for UUID 4E4BACAF-9FE5-4F1B-9545-85DFF2CDBEF1, got XXXXXXXX-XXXX-XXXX-XXXX-XXXXXXXXXXXX
2008-01-23 12:54:47.023 diskimages-helper[1914:1603] -remountReturningDictionary: detaching because no mountable filesystems.
2008-01-23 12:54:47.024 diskimages-helper[1914:3f5f] _diskAppearedCallback: disk2s2
2008-01-23 12:54:47.024 diskimages-helper[1914:1603] -unmountAndDetachWithForce:YES andTryManualDetach:NO
2008-01-23 12:54:47.024 diskimages-helper[1914:3f5f]               : /Volumes/xxx
2008-01-23 12:54:47.024 diskimages-helper[1914:1603] -unmountAndDetachWithForce: using disk3
2008-01-23 12:54:47.027 diskimages-helper[1914:3f5f] looking for UUID 4E4BACAF-9FE5-4F1B-9545-85DFF2CDBEF1, got XXXXXXXX-XXXX-XXXX-XXXX-XXXXXXXXXXXX
2008-01-23 12:54:47.030 diskimages-helper[1914:3f5f] _diskAppearedCallback: disk2
2008-01-23 12:54:47.030 diskimages-helper[1914:3f5f]               : (null) Apple_partition_scheme
2008-01-23 12:54:47.033 diskimages-helper[1914:3f5f] looking for UUID 4E4BACAF-9FE5-4F1B-9545-85DFF2CDBEF1, got XXXXXXXX-XXXX-XXXX-XXXX-XXXXXXXXXXXX
2008-01-23 12:54:47.034 diskimages-helper[1914:3f5f] _diskAppearedCallback: disk1
2008-01-23 12:54:47.034 diskimages-helper[1914:3f5f]               : (null) Apple_partition_scheme
2008-01-23 12:54:47.037 diskimages-helper[1914:3f5f] looking for UUID 4E4BACAF-9FE5-4F1B-9545-85DFF2CDBEF1, got XXXXXXXX-XXXX-XXXX-XXXX-XXXXXXXXXXXX
2008-01-23 12:54:47.038 diskimages-helper[1914:1603] -unmountAndDetachWithForce: unmount returned 0
2008-01-23 12:54:47.038 diskimages-helper[1914:3f5f] _diskAppearedCallback: disk1s2
2008-01-23 12:54:47.041 diskimages-helper[1914:3f5f]               : /Users/xxx/Coding
2008-01-23 12:54:47.044 diskimages-helper[1914:3f5f] looking for UUID 4E4BACAF-9FE5-4F1B-9545-85DFF2CDBEF1, got XXXXXXXX-XXXX-XXXX-XXXX-XXXXXXXXXXXX
2008-01-23 12:54:47.045 diskimages-helper[1914:3f5f] _diskAppearedCallback: disk1s1
diskimages-helper: DI_kextDriveGetRequest returned 0x00000025 (37) ((os/kern) object terminated).
2008-01-23 12:54:47.045 diskimages-helper[1914:3f5f]               : (null) Apple_partition_map
2008-01-23 12:54:47.050 diskimages-helper[1914:3a27] -serveImage: ALL DONE SERVING THE IMAGE (0)
2008-01-23 12:54:47.051 diskimages-helper[1914:1603] -unmountAndDetachWithForce: eject returned 0
2008-01-23 12:54:47.056 diskimages-helper[1914:3f5f] looking for UUID 4E4BACAF-9FE5-4F1B-9545-85DFF2CDBEF1, got XXXXXXXX-XXXX-XXXX-XXXX-XXXXXXXXXXXX
2008-01-23 12:54:47.057 diskimages-helper[1914:3a27] -decrementBackgroundThreadCount: entry with error 0.
2008-01-23 12:54:47.057 diskimages-helper[1914:1603] performAttach: remountReturningDictionary returned 109
(null)
2008-01-23 12:54:47.057 diskimages-helper[1914:3f5f] _diskAppearedCallback: disk0
2008-01-23 12:54:47.057 diskimages-helper[1914:3a27] -decrementBackgroundThreadCount: _backgroundThreadCount is now 2.
2008-01-23 12:54:47.058 diskimages-helper[1914:1603] performAttach: returned 109
closing 3 /Users/xxx/vilefault/tests/testimage.AES-256.64k.header_v1.dmg closeDataFork 1987
2008-01-23 12:54:47.059 diskimages-helper[1914:3f5f]               : (null) GUID_partition_scheme
2008-01-23 12:54:47.059 diskimages-helper[1914:1603] DIHelperAttach performOperation: returning 109
2008-01-23 12:54:47.062 diskimages-helper[1914:3f5f] looking for UUID 4E4BACAF-9FE5-4F1B-9545-85DFF2CDBEF1, got (null)
2008-01-23 12:54:47.062 diskimages-helper[1914:1603] -decrementBackgroundThreadCount: _backgroundThreadCount is now 1.
2008-01-23 12:54:47.062 diskimages-helper[1914:10b] DIHelper _report_results: reporting {
    payload =     {
    };
    "result-code" = 109;
}
2008-01-23 12:54:47.063 diskimages-helper[1914:3f5f] _diskAppearedCallback: disk0s1
2008-01-23 12:54:47.064 hdiutil[1912:1c03] reportResultsToFramework: proxy has finished operation
2008-01-23 12:54:47.064 diskimages-helper[1914:3f5f]               : (null) XXXXXXXX-XXXX-XXXX-XXXX-XXXXXXXXXXXX
2008-01-23 12:54:47.064 hdiutil[1912:1c03] reportResultsToFramework: results are: {
    payload =     {
    };
    "result-code" = 109;
}
2008-01-23 12:54:47.067 diskimages-helper[1914:3f5f] looking for UUID 4E4BACAF-9FE5-4F1B-9545-85DFF2CDBEF1, got (null)
2008-01-23 12:54:47.067 hdiutil[1912:1c03] reportResultsToFramework: _threadResultsError is 109
2008-01-23 12:54:47.068 diskimages-helper[1914:3f5f] _diskAppearedCallback: disk0s2
2008-01-23 12:54:47.068 hdiutil[1912:1c03] reportResultsToFramework: disconnecting from helper.
2008-01-23 12:54:47.069 diskimages-helper[1914:3f5f]               : / XXXXXXXX-XXXX-XXXX-XXXX-XXXXXXXXXXXX
2008-01-23 12:54:47.072 diskimages-helper[1914:3f5f] looking for UUID 4E4BACAF-9FE5-4F1B-9545-85DFF2CDBEF1, got (null)
2008-01-23 12:54:47.072 diskimages-helper[1914:3f5f] _diskAppearedCallback: disk0s3
2008-01-23 12:54:47.073 diskimages-helper[1914:3f5f]               : (null) XXXXXXXX-XXXX-XXXX-XXXX-XXXXXXXXXXXX
2008-01-23 12:54:47.075 diskimages-helper[1914:3f5f] looking for UUID 4E4BACAF-9FE5-4F1B-9545-85DFF2CDBEF1, got (null)
2008-01-23 12:54:47.076 diskimages-helper[1914:3f5f] _diskAppearedCallback: disk0s4
2008-01-23 12:54:47.076 diskimages-helper[1914:3f5f]               : (null) XXXXXXXX-XXXX-XXXX-XXXX-XXXXXXXXXXXX
2008-01-23 12:54:47.078 diskimages-helper[1914:3f5f] looking for UUID 4E4BACAF-9FE5-4F1B-9545-85DFF2CDBEF1, got (null)
2008-01-23 12:54:47.079 diskimages-helper[1914:3f5f] -_handleMonitorThread exit
2008-01-23 12:54:47.079 diskimages-helper[1914:3f5f] -decrementBackgroundThreadCount: _backgroundThreadCount is now 0.
2008-01-23 12:54:47.080 diskimages-helper[1914:3f5f] -[DIHelperHDID dealloc:]
2008-01-23 12:54:47.169 hdiutil[1912:1c03] disconnectFromHelper: removing observers
2008-01-23 12:54:47.170 hdiutil[1912:1c03] disconnectFromHelper: terminating proxy
2008-01-23 12:54:47.172 diskimages-helper[1914:10b] DIHelper: terminateHelper: entry.
2008-01-23 12:54:47.173 hdiutil[1912:1c03] disconnectFromHelper: terminated proxy
2008-01-23 12:54:47.273 diskimages-helper[1914:10b] -DIHelperAgentMaster terminateUIAgentConnection.
2008-01-23 12:54:47.276 diskimages-helper[1914:10b] DIHelper dealloc.
2008-01-23 12:54:47.276 diskimages-helper[1914:10b] -DIHelperAgentMaster terminateUIAgentConnection.
hdiutil: attach failed - no mountable file systems
